<?xml version="1.0" encoding="UTF-8"?>
<!-- Generated by org.testng.reporters.JUnitReportReporter -->
<testsuite skipped="0" hostname="DESKTOP-7PT4AIA" name="com.api.tests.GetApiTest" tests="1" failures="0" timestamp="07 Oct 2018 05:42:16 GMT" time="5.511" errors="0">
  <testcase name="apiGetCall" time="5.511" classname="com.api.tests.GetApiTest"/>
</testsuite> <!-- com.api.tests.GetApiTest -->
